2022-06-06 20:30:05,749 ERROR IpReader [ForkJoinPool-1-worker-1] IpReader
java.io.IOException: Number of remaining bytes (5880) is not a multiple of the block size (4096)
	at java.base/sun.nio.ch.Util.checkRemainingBufferSizeAligned(Util.java:522)
	at java.base/sun.nio.ch.IOUtil.read(IOUtil.java:300)
	at java.base/sun.nio.ch.IOUtil.read(IOUtil.java:283)
	at java.base/sun.nio.ch.FileChannelImpl.read(FileChannelImpl.java:232)
	at java.base/sun.nio.ch.ChannelInputStream.read(ChannelInputStream.java:73)
	at java.base/sun.nio.ch.ChannelInputStream.read(ChannelInputStream.java:115)
	at java.base/sun.nio.ch.ChannelInputStream.read(ChannelInputStream.java:109)
	at java.base/java.io.InputStream.readNBytes(InputStream.java:506)
	at IpReader.readBytes(IpReader.java:55)
	at IpReader.compute(IpReader.java:28)
	at IpReader.compute(IpReader.java:9)
	at java.base/java.util.concurrent.RecursiveTask.exec(RecursiveTask.java:100)
	at java.base/java.util.concurrent.ForkJoinTask.doExec$$$capture(ForkJoinTask.java:373)
	at java.base/java.util.concurrent.ForkJoinTask.doExec(ForkJoinTask.java)
	at java.base/java.util.concurrent.ForkJoinPool$WorkQueue.topLevelExec(ForkJoinPool.java:1182)
	at java.base/java.util.concurrent.ForkJoinPool.scan(ForkJoinPool.java:1655)
	at java.base/java.util.concurrent.ForkJoinPool.runWorker(ForkJoinPool.java:1622)
	at java.base/java.util.concurrent.ForkJoinWorkerThread.run(ForkJoinWorkerThread.java:165)
2022-06-06 20:30:41,966 ERROR IpReader [ForkJoinPool-1-worker-1] IpReader
java.io.IOException: Number of remaining bytes (5880) is not a multiple of the block size (4096)
	at java.base/sun.nio.ch.Util.checkRemainingBufferSizeAligned(Util.java:522)
	at java.base/sun.nio.ch.IOUtil.read(IOUtil.java:300)
	at java.base/sun.nio.ch.IOUtil.read(IOUtil.java:283)
	at java.base/sun.nio.ch.FileChannelImpl.read(FileChannelImpl.java:232)
	at java.base/sun.nio.ch.ChannelInputStream.read(ChannelInputStream.java:73)
	at java.base/sun.nio.ch.ChannelInputStream.read(ChannelInputStream.java:115)
	at java.base/sun.nio.ch.ChannelInputStream.read(ChannelInputStream.java:109)
	at java.base/java.io.InputStream.readNBytes(InputStream.java:506)
	at IpReader.readBytes(IpReader.java:55)
	at IpReader.compute(IpReader.java:28)
	at IpReader.compute(IpReader.java:9)
	at java.base/java.util.concurrent.RecursiveTask.exec(RecursiveTask.java:100)
	at java.base/java.util.concurrent.ForkJoinTask.doExec$$$capture(ForkJoinTask.java:373)
	at java.base/java.util.concurrent.ForkJoinTask.doExec(ForkJoinTask.java)
	at java.base/java.util.concurrent.ForkJoinPool$WorkQueue.topLevelExec(ForkJoinPool.java:1182)
	at java.base/java.util.concurrent.ForkJoinPool.scan(ForkJoinPool.java:1655)
	at java.base/java.util.concurrent.ForkJoinPool.runWorker(ForkJoinPool.java:1622)
	at java.base/java.util.concurrent.ForkJoinWorkerThread.run(ForkJoinWorkerThread.java:165)
2022-06-06 20:31:35,468 ERROR IpReader [ForkJoinPool-1-worker-1] IpReader
java.io.IOException: Number of remaining bytes (5880) is not a multiple of the block size (4096)
	at java.base/sun.nio.ch.Util.checkRemainingBufferSizeAligned(Util.java:522)
	at java.base/sun.nio.ch.IOUtil.read(IOUtil.java:300)
	at java.base/sun.nio.ch.IOUtil.read(IOUtil.java:283)
	at java.base/sun.nio.ch.FileChannelImpl.read(FileChannelImpl.java:232)
	at java.base/sun.nio.ch.ChannelInputStream.read(ChannelInputStream.java:73)
	at java.base/sun.nio.ch.ChannelInputStream.read(ChannelInputStream.java:115)
	at java.base/sun.nio.ch.ChannelInputStream.read(ChannelInputStream.java:109)
	at java.base/java.io.InputStream.readNBytes(InputStream.java:506)
	at IpReader.readBytes(IpReader.java:55)
	at IpReader.compute(IpReader.java:28)
	at IpReader.compute(IpReader.java:9)
	at java.base/java.util.concurrent.RecursiveTask.exec(RecursiveTask.java:100)
	at java.base/java.util.concurrent.ForkJoinTask.doExec$$$capture(ForkJoinTask.java:373)
	at java.base/java.util.concurrent.ForkJoinTask.doExec(ForkJoinTask.java)
	at java.base/java.util.concurrent.ForkJoinPool$WorkQueue.topLevelExec(ForkJoinPool.java:1182)
	at java.base/java.util.concurrent.ForkJoinPool.scan(ForkJoinPool.java:1655)
	at java.base/java.util.concurrent.ForkJoinPool.runWorker(ForkJoinPool.java:1622)
	at java.base/java.util.concurrent.ForkJoinWorkerThread.run(ForkJoinWorkerThread.java:165)
2022-06-06 20:32:25,473 ERROR IpReader [ForkJoinPool-1-worker-1] IpReader
java.io.IOException: Number of remaining bytes (5880) is not a multiple of the block size (4096)
	at java.base/sun.nio.ch.Util.checkRemainingBufferSizeAligned(Util.java:522)
	at java.base/sun.nio.ch.IOUtil.read(IOUtil.java:300)
	at java.base/sun.nio.ch.IOUtil.read(IOUtil.java:283)
	at java.base/sun.nio.ch.FileChannelImpl.read(FileChannelImpl.java:232)
	at java.base/sun.nio.ch.ChannelInputStream.read(ChannelInputStream.java:73)
	at java.base/sun.nio.ch.ChannelInputStream.read(ChannelInputStream.java:115)
	at java.base/sun.nio.ch.ChannelInputStream.read(ChannelInputStream.java:109)
	at java.base/java.io.InputStream.readNBytes(InputStream.java:506)
	at IpReader.readBytes(IpReader.java:55)
	at IpReader.compute(IpReader.java:28)
	at IpReader.compute(IpReader.java:9)
	at java.base/java.util.concurrent.RecursiveTask.exec(RecursiveTask.java:100)
	at java.base/java.util.concurrent.ForkJoinTask.doExec$$$capture(ForkJoinTask.java:373)
	at java.base/java.util.concurrent.ForkJoinTask.doExec(ForkJoinTask.java)
	at java.base/java.util.concurrent.ForkJoinPool$WorkQueue.topLevelExec(ForkJoinPool.java:1182)
	at java.base/java.util.concurrent.ForkJoinPool.scan(ForkJoinPool.java:1655)
	at java.base/java.util.concurrent.ForkJoinPool.runWorker(ForkJoinPool.java:1622)
	at java.base/java.util.concurrent.ForkJoinWorkerThread.run(ForkJoinWorkerThread.java:165)
2022-06-06 20:35:22,248 ERROR IpReader [ForkJoinPool-1-worker-1] IpReader
java.io.IOException: Number of remaining bytes (5880) is not a multiple of the block size (4096)
	at java.base/sun.nio.ch.Util.checkRemainingBufferSizeAligned(Util.java:522)
	at java.base/sun.nio.ch.IOUtil.read(IOUtil.java:300)
	at java.base/sun.nio.ch.IOUtil.read(IOUtil.java:283)
	at java.base/sun.nio.ch.FileChannelImpl.read(FileChannelImpl.java:232)
	at java.base/sun.nio.ch.ChannelInputStream.read(ChannelInputStream.java:73)
	at java.base/sun.nio.ch.ChannelInputStream.read(ChannelInputStream.java:115)
	at java.base/sun.nio.ch.ChannelInputStream.read(ChannelInputStream.java:109)
	at java.base/java.io.InputStream.readNBytes(InputStream.java:506)
	at IpReader.readBytes(IpReader.java:56)
	at IpReader.compute(IpReader.java:28)
	at IpReader.compute(IpReader.java:9)
	at java.base/java.util.concurrent.RecursiveTask.exec(RecursiveTask.java:100)
	at java.base/java.util.concurrent.ForkJoinTask.doExec$$$capture(ForkJoinTask.java:373)
	at java.base/java.util.concurrent.ForkJoinTask.doExec(ForkJoinTask.java)
	at java.base/java.util.concurrent.ForkJoinPool$WorkQueue.topLevelExec(ForkJoinPool.java:1182)
	at java.base/java.util.concurrent.ForkJoinPool.scan(ForkJoinPool.java:1655)
	at java.base/java.util.concurrent.ForkJoinPool.runWorker(ForkJoinPool.java:1622)
	at java.base/java.util.concurrent.ForkJoinWorkerThread.run(ForkJoinWorkerThread.java:165)
2022-06-06 20:36:21,076 ERROR IpReader [ForkJoinPool-1-worker-1] IpReader
java.lang.IndexOutOfBoundsException: Range [0, 0 + 8192) out of bounds for length 5880
	at java.base/jdk.internal.util.Preconditions.outOfBounds(Preconditions.java:100)
	at java.base/jdk.internal.util.Preconditions.outOfBoundsCheckFromIndexSize(Preconditions.java:118)
	at java.base/jdk.internal.util.Preconditions.checkFromIndexSize(Preconditions.java:397)
	at java.base/java.util.Objects.checkFromIndexSize(Objects.java:411)
	at java.base/java.io.InputStream.readNBytes(InputStream.java:502)
	at IpReader.readBytes(IpReader.java:56)
	at IpReader.compute(IpReader.java:28)
	at IpReader.compute(IpReader.java:9)
	at java.base/java.util.concurrent.RecursiveTask.exec(RecursiveTask.java:100)
	at java.base/java.util.concurrent.ForkJoinTask.doExec$$$capture(ForkJoinTask.java:373)
	at java.base/java.util.concurrent.ForkJoinTask.doExec(ForkJoinTask.java)
	at java.base/java.util.concurrent.ForkJoinPool$WorkQueue.topLevelExec(ForkJoinPool.java:1182)
	at java.base/java.util.concurrent.ForkJoinPool.scan(ForkJoinPool.java:1655)
	at java.base/java.util.concurrent.ForkJoinPool.runWorker(ForkJoinPool.java:1622)
	at java.base/java.util.concurrent.ForkJoinWorkerThread.run(ForkJoinWorkerThread.java:165)
2022-06-06 20:38:49,980 ERROR IpReader [ForkJoinPool-1-worker-1] IpReader
java.io.IOException: Channel position (5880) is not a multiple of the block size (4096)
	at java.base/sun.nio.ch.Util.checkChannelPositionAligned(Util.java:533)
	at java.base/sun.nio.ch.FileChannelImpl.read(FileChannelImpl.java:223)
	at java.base/sun.nio.ch.ChannelInputStream.read(ChannelInputStream.java:73)
	at java.base/sun.nio.ch.ChannelInputStream.read(ChannelInputStream.java:115)
	at java.base/sun.nio.ch.ChannelInputStream.read(ChannelInputStream.java:109)
	at java.base/java.io.InputStream.readNBytes(InputStream.java:506)
	at IpReader.readBytes(IpReader.java:56)
	at IpReader.compute(IpReader.java:28)
	at IpReader.compute(IpReader.java:9)
	at java.base/java.util.concurrent.RecursiveTask.exec(RecursiveTask.java:100)
	at java.base/java.util.concurrent.ForkJoinTask.doExec$$$capture(ForkJoinTask.java:373)
	at java.base/java.util.concurrent.ForkJoinTask.doExec(ForkJoinTask.java)
	at java.base/java.util.concurrent.ForkJoinPool$WorkQueue.topLevelExec(ForkJoinPool.java:1182)
	at java.base/java.util.concurrent.ForkJoinPool.scan(ForkJoinPool.java:1655)
	at java.base/java.util.concurrent.ForkJoinPool.runWorker(ForkJoinPool.java:1622)
	at java.base/java.util.concurrent.ForkJoinWorkerThread.run(ForkJoinWorkerThread.java:165)
